[32m2024-09-15 21:50:45 -0700[0m - dagster - [34mDEBUG[0m - materialize_dbt_models - 208f334a-3cc8-4134-8d70-54f9c75eda41 - 54402 - LOGS_CAPTURED - Started capturing logs in process (pid: 54402).
[32m2024-09-15 21:50:45 -0700[0m - dagster - [34mDEBUG[0m - materialize_dbt_models - 208f334a-3cc8-4134-8d70-54f9c75eda41 - 54402 - dbtlearn_dbt_assets - STEP_START - Started execution of step "dbtlearn_dbt_assets".
[32m2024-09-15 21:50:45 -0700[0m - dagster - [34mINFO[0m - materialize_dbt_models - 208f334a-3cc8-4134-8d70-54f9c75eda41 - dbtlearn_dbt_assets - A dbt subsetted execution is not being performed. Using the default dbt selection arguments `['--select', 'fqn:*']`.
[32m2024-09-15 21:50:45 -0700[0m - dagster - [34mINFO[0m - materialize_dbt_models - 208f334a-3cc8-4134-8d70-54f9c75eda41 - dbtlearn_dbt_assets - Copying `/Users/lingshiyu/Desktop/course/dbtlearn/target/partial_parse.msgpack` to `/Users/lingshiyu/Desktop/course/dbtlearn/target/dbtlearn_dbt_assets-208f334-e417e29/partial_parse.msgpack` to take advantage of partial parsing.
[32m2024-09-15 21:50:45 -0700[0m - dagster - [34mINFO[0m - materialize_dbt_models - 208f334a-3cc8-4134-8d70-54f9c75eda41 - dbtlearn_dbt_assets - Running dbt command: `dbt build --select fqn:*`.
[32m2024-09-15 21:50:55 -0700[0m - dagster - [34mDEBUG[0m - materialize_dbt_models - 208f334a-3cc8-4134-8d70-54f9c75eda41 - 54402 - dbtlearn_dbt_assets - STEP_OUTPUT - Yielded output "seed_full_moon_dates" of type "Nothing". (Type check passed).
[32m2024-09-15 21:50:55 -0700[0m - dagster - [34mDEBUG[0m - materialize_dbt_models - 208f334a-3cc8-4134-8d70-54f9c75eda41 - 54402 - dbtlearn_dbt_assets - ASSET_MATERIALIZATION - Materialized value seed_full_moon_dates.
[32m2024-09-15 21:50:56 -0700[0m - dagster - [34mDEBUG[0m - materialize_dbt_models - 208f334a-3cc8-4134-8d70-54f9c75eda41 - 54402 - dbtlearn_dbt_assets - ASSET_OBSERVATION - DagsterEventType.ASSET_OBSERVATION for step dbtlearn_dbt_assets
[32m2024-09-15 21:50:57 -0700[0m - dagster - [34mDEBUG[0m - materialize_dbt_models - 208f334a-3cc8-4134-8d70-54f9c75eda41 - 54402 - dbtlearn_dbt_assets - ASSET_OBSERVATION - DagsterEventType.ASSET_OBSERVATION for step dbtlearn_dbt_assets
[32m2024-09-15 21:50:58 -0700[0m - dagster - [34mDEBUG[0m - materialize_dbt_models - 208f334a-3cc8-4134-8d70-54f9c75eda41 - 54402 - dbtlearn_dbt_assets - STEP_OUTPUT - Yielded output "dim_hosts_cleansed" of type "Nothing". (Type check passed).
[32m2024-09-15 21:50:58 -0700[0m - dagster - [34mDEBUG[0m - materialize_dbt_models - 208f334a-3cc8-4134-8d70-54f9c75eda41 - 54402 - dbtlearn_dbt_assets - ASSET_MATERIALIZATION - Materialized value dim_hosts_cleansed.
[32m2024-09-15 21:51:02 -0700[0m - dagster - [34mDEBUG[0m - materialize_dbt_models - 208f334a-3cc8-4134-8d70-54f9c75eda41 - 54402 - dbtlearn_dbt_assets - STEP_OUTPUT - Yielded output "fct_reviews" of type "Nothing". (Type check passed).
[32m2024-09-15 21:51:02 -0700[0m - dagster - [34mDEBUG[0m - materialize_dbt_models - 208f334a-3cc8-4134-8d70-54f9c75eda41 - 54402 - dbtlearn_dbt_assets - ASSET_MATERIALIZATION - Materialized value fct_reviews.
[32m2024-09-15 21:51:06 -0700[0m - dagster - [34mDEBUG[0m - materialize_dbt_models - 208f334a-3cc8-4134-8d70-54f9c75eda41 - 54402 - dbtlearn_dbt_assets - STEP_OUTPUT - Yielded output "scd_raw_listings" of type "Nothing". (Type check passed).
[32m2024-09-15 21:51:06 -0700[0m - dagster - [34mDEBUG[0m - materialize_dbt_models - 208f334a-3cc8-4134-8d70-54f9c75eda41 - 54402 - dbtlearn_dbt_assets - ASSET_MATERIALIZATION - Materialized value scd_raw_listings.
[32m2024-09-15 21:51:08 -0700[0m - dagster - [34mDEBUG[0m - materialize_dbt_models - 208f334a-3cc8-4134-8d70-54f9c75eda41 - 54402 - dbtlearn_dbt_assets - ASSET_OBSERVATION - DagsterEventType.ASSET_OBSERVATION for step dbtlearn_dbt_assets
[32m2024-09-15 21:51:09 -0700[0m - dagster - [34mDEBUG[0m - materialize_dbt_models - 208f334a-3cc8-4134-8d70-54f9c75eda41 - 54402 - dbtlearn_dbt_assets - ASSET_OBSERVATION - DagsterEventType.ASSET_OBSERVATION for step dbtlearn_dbt_assets
[32m2024-09-15 21:51:11 -0700[0m - dagster - [34mDEBUG[0m - materialize_dbt_models - 208f334a-3cc8-4134-8d70-54f9c75eda41 - 54402 - dbtlearn_dbt_assets - ASSET_OBSERVATION - DagsterEventType.ASSET_OBSERVATION for step dbtlearn_dbt_assets
[32m2024-09-15 21:51:12 -0700[0m - dagster - [34mDEBUG[0m - materialize_dbt_models - 208f334a-3cc8-4134-8d70-54f9c75eda41 - 54402 - dbtlearn_dbt_assets - ASSET_OBSERVATION - DagsterEventType.ASSET_OBSERVATION for step dbtlearn_dbt_assets
[32m2024-09-15 21:51:14 -0700[0m - dagster - [34mDEBUG[0m - materialize_dbt_models - 208f334a-3cc8-4134-8d70-54f9c75eda41 - 54402 - dbtlearn_dbt_assets - ASSET_OBSERVATION - DagsterEventType.ASSET_OBSERVATION for step dbtlearn_dbt_assets
[32m2024-09-15 21:51:15 -0700[0m - dagster - [34mDEBUG[0m - materialize_dbt_models - 208f334a-3cc8-4134-8d70-54f9c75eda41 - 54402 - dbtlearn_dbt_assets - ASSET_OBSERVATION - DagsterEventType.ASSET_OBSERVATION for step dbtlearn_dbt_assets
[32m2024-09-15 21:51:17 -0700[0m - dagster - [34mDEBUG[0m - materialize_dbt_models - 208f334a-3cc8-4134-8d70-54f9c75eda41 - 54402 - dbtlearn_dbt_assets - STEP_OUTPUT - Yielded output "dim_listings_cleansed" of type "Nothing". (Type check passed).
[32m2024-09-15 21:51:17 -0700[0m - dagster - [34mDEBUG[0m - materialize_dbt_models - 208f334a-3cc8-4134-8d70-54f9c75eda41 - 54402 - dbtlearn_dbt_assets - ASSET_MATERIALIZATION - Materialized value dim_listings_cleansed.
[32m2024-09-15 21:51:21 -0700[0m - dagster - [34mDEBUG[0m - materialize_dbt_models - 208f334a-3cc8-4134-8d70-54f9c75eda41 - 54402 - dbtlearn_dbt_assets - STEP_OUTPUT - Yielded output "mart_fullmoon_reviews" of type "Nothing". (Type check passed).
[32m2024-09-15 21:51:21 -0700[0m - dagster - [34mDEBUG[0m - materialize_dbt_models - 208f334a-3cc8-4134-8d70-54f9c75eda41 - 54402 - dbtlearn_dbt_assets - ASSET_MATERIALIZATION - Materialized value mart_fullmoon_reviews.
[32m2024-09-15 21:51:22 -0700[0m - dagster - [34mDEBUG[0m - materialize_dbt_models - 208f334a-3cc8-4134-8d70-54f9c75eda41 - 54402 - dbtlearn_dbt_assets - ASSET_OBSERVATION - DagsterEventType.ASSET_OBSERVATION for step dbtlearn_dbt_assets
[32m2024-09-15 21:51:23 -0700[0m - dagster - [34mDEBUG[0m - materialize_dbt_models - 208f334a-3cc8-4134-8d70-54f9c75eda41 - 54402 - dbtlearn_dbt_assets - ASSET_OBSERVATION - DagsterEventType.ASSET_OBSERVATION for step dbtlearn_dbt_assets
[32m2024-09-15 21:51:24 -0700[0m - dagster - [34mDEBUG[0m - materialize_dbt_models - 208f334a-3cc8-4134-8d70-54f9c75eda41 - 54402 - dbtlearn_dbt_assets - ASSET_OBSERVATION - DagsterEventType.ASSET_OBSERVATION for step dbtlearn_dbt_assets
[32m2024-09-15 21:51:25 -0700[0m - dagster - [34mDEBUG[0m - materialize_dbt_models - 208f334a-3cc8-4134-8d70-54f9c75eda41 - 54402 - dbtlearn_dbt_assets - ASSET_OBSERVATION - DagsterEventType.ASSET_OBSERVATION for step dbtlearn_dbt_assets
[32m2024-09-15 21:51:26 -0700[0m - dagster - [34mDEBUG[0m - materialize_dbt_models - 208f334a-3cc8-4134-8d70-54f9c75eda41 - 54402 - dbtlearn_dbt_assets - ASSET_OBSERVATION - DagsterEventType.ASSET_OBSERVATION for step dbtlearn_dbt_assets
[32m2024-09-15 21:51:28 -0700[0m - dagster - [34mDEBUG[0m - materialize_dbt_models - 208f334a-3cc8-4134-8d70-54f9c75eda41 - 54402 - dbtlearn_dbt_assets - ASSET_OBSERVATION - DagsterEventType.ASSET_OBSERVATION for step dbtlearn_dbt_assets
[32m2024-09-15 21:51:30 -0700[0m - dagster - [34mDEBUG[0m - materialize_dbt_models - 208f334a-3cc8-4134-8d70-54f9c75eda41 - 54402 - dbtlearn_dbt_assets - ASSET_OBSERVATION - DagsterEventType.ASSET_OBSERVATION for step dbtlearn_dbt_assets
[32m2024-09-15 21:51:32 -0700[0m - dagster - [34mDEBUG[0m - materialize_dbt_models - 208f334a-3cc8-4134-8d70-54f9c75eda41 - 54402 - dbtlearn_dbt_assets - ASSET_OBSERVATION - DagsterEventType.ASSET_OBSERVATION for step dbtlearn_dbt_assets
[32m2024-09-15 21:51:33 -0700[0m - dagster - [34mDEBUG[0m - materialize_dbt_models - 208f334a-3cc8-4134-8d70-54f9c75eda41 - 54402 - dbtlearn_dbt_assets - ASSET_OBSERVATION - DagsterEventType.ASSET_OBSERVATION for step dbtlearn_dbt_assets
[32m2024-09-15 21:51:33 -0700[0m - dagster - [34mDEBUG[0m - materialize_dbt_models - 208f334a-3cc8-4134-8d70-54f9c75eda41 - 54402 - dbtlearn_dbt_assets - ASSET_OBSERVATION - DagsterEventType.ASSET_OBSERVATION for step dbtlearn_dbt_assets
[32m2024-09-15 21:51:34 -0700[0m - dagster - [34mDEBUG[0m - materialize_dbt_models - 208f334a-3cc8-4134-8d70-54f9c75eda41 - 54402 - dbtlearn_dbt_assets - ASSET_OBSERVATION - DagsterEventType.ASSET_OBSERVATION for step dbtlearn_dbt_assets
[32m2024-09-15 21:51:34 -0700[0m - dagster - [34mDEBUG[0m - materialize_dbt_models - 208f334a-3cc8-4134-8d70-54f9c75eda41 - 54402 - dbtlearn_dbt_assets - ASSET_OBSERVATION - DagsterEventType.ASSET_OBSERVATION for step dbtlearn_dbt_assets
[32m2024-09-15 21:51:35 -0700[0m - dagster - [34mDEBUG[0m - materialize_dbt_models - 208f334a-3cc8-4134-8d70-54f9c75eda41 - 54402 - dbtlearn_dbt_assets - ASSET_OBSERVATION - DagsterEventType.ASSET_OBSERVATION for step dbtlearn_dbt_assets
[32m2024-09-15 21:51:38 -0700[0m - dagster - [34mDEBUG[0m - materialize_dbt_models - 208f334a-3cc8-4134-8d70-54f9c75eda41 - 54402 - dbtlearn_dbt_assets - STEP_OUTPUT - Yielded output "dim_listings_w_hosts" of type "Nothing". (Type check passed).
[32m2024-09-15 21:51:38 -0700[0m - dagster - [34mDEBUG[0m - materialize_dbt_models - 208f334a-3cc8-4134-8d70-54f9c75eda41 - 54402 - dbtlearn_dbt_assets - ASSET_MATERIALIZATION - Materialized value dim_listings_w_hosts.
[32m2024-09-15 21:51:39 -0700[0m - dagster - [34mDEBUG[0m - materialize_dbt_models - 208f334a-3cc8-4134-8d70-54f9c75eda41 - 54402 - dbtlearn_dbt_assets - ASSET_OBSERVATION - DagsterEventType.ASSET_OBSERVATION for step dbtlearn_dbt_assets
[32m2024-09-15 21:51:40 -0700[0m - dagster - [34mDEBUG[0m - materialize_dbt_models - 208f334a-3cc8-4134-8d70-54f9c75eda41 - 54402 - dbtlearn_dbt_assets - ASSET_OBSERVATION - DagsterEventType.ASSET_OBSERVATION for step dbtlearn_dbt_assets
[32m2024-09-15 21:51:42 -0700[0m - dagster - [34mDEBUG[0m - materialize_dbt_models - 208f334a-3cc8-4134-8d70-54f9c75eda41 - 54402 - dbtlearn_dbt_assets - ASSET_OBSERVATION - DagsterEventType.ASSET_OBSERVATION for step dbtlearn_dbt_assets
[32m2024-09-15 21:51:43 -0700[0m - dagster - [34mDEBUG[0m - materialize_dbt_models - 208f334a-3cc8-4134-8d70-54f9c75eda41 - 54402 - dbtlearn_dbt_assets - ASSET_OBSERVATION - DagsterEventType.ASSET_OBSERVATION for step dbtlearn_dbt_assets
[32m2024-09-15 21:51:43 -0700[0m - dagster - [34mDEBUG[0m - materialize_dbt_models - 208f334a-3cc8-4134-8d70-54f9c75eda41 - 54402 - dbtlearn_dbt_assets - ASSET_OBSERVATION - DagsterEventType.ASSET_OBSERVATION for step dbtlearn_dbt_assets
[32m2024-09-15 21:51:43 -0700[0m - dagster - [34mDEBUG[0m - materialize_dbt_models - 208f334a-3cc8-4134-8d70-54f9c75eda41 - 54402 - dbtlearn_dbt_assets - STEP_SUCCESS - Finished execution of step "dbtlearn_dbt_assets" in 58.65s.
